{
  "/home/dannypa/FullstackCourse/part5/bloglist-frontend/src/App.jsx": {
    "path": "/home/dannypa/FullstackCourse/part5/bloglist-frontend/src/App.jsx",
    "all": true,
    "statementMap": {
      "0": { "start": { "line": 1, "column": 0 }, "end": { "line": 1, "column": 43 } },
      "1": { "start": { "line": 2, "column": 0 }, "end": { "line": 2, "column": 42 } },
      "2": { "start": { "line": 3, "column": 0 }, "end": { "line": 3, "column": 50 } },
      "3": { "start": { "line": 4, "column": 0 }, "end": { "line": 4, "column": 48 } },
      "4": { "start": { "line": 5, "column": 0 }, "end": { "line": 5, "column": 56 } },
      "5": { "start": { "line": 6, "column": 0 }, "end": { "line": 6, "column": 50 } },
      "8": { "start": { "line": 9, "column": 0 }, "end": { "line": 9, "column": 19 } },
      "9": { "start": { "line": 10, "column": 0 }, "end": { "line": 10, "column": 42 } },
      "10": { "start": { "line": 11, "column": 0 }, "end": { "line": 11, "column": 42 } },
      "11": { "start": { "line": 12, "column": 0 }, "end": { "line": 12, "column": 72 } },
      "13": { "start": { "line": 14, "column": 0 }, "end": { "line": 14, "column": 51 } },
      "14": { "start": { "line": 15, "column": 0 }, "end": { "line": 15, "column": 39 } },
      "15": { "start": { "line": 16, "column": 0 }, "end": { "line": 16, "column": 26 } },
      "16": { "start": { "line": 17, "column": 0 }, "end": { "line": 17, "column": 40 } },
      "17": { "start": { "line": 18, "column": 0 }, "end": { "line": 18, "column": 16 } },
      "18": { "start": { "line": 19, "column": 0 }, "end": { "line": 19, "column": 5 } },
      "20": { "start": { "line": 21, "column": 0 }, "end": { "line": 21, "column": 31 } },
      "21": { "start": { "line": 22, "column": 0 }, "end": { "line": 22, "column": 42 } },
      "22": { "start": { "line": 23, "column": 0 }, "end": { "line": 23, "column": 66 } },
      "23": { "start": { "line": 24, "column": 0 }, "end": { "line": 24, "column": 9 } },
      "24": { "start": { "line": 25, "column": 0 }, "end": { "line": 25, "column": 5 } },
      "26": { "start": { "line": 27, "column": 0 }, "end": { "line": 27, "column": 21 } },
      "27": { "start": { "line": 28, "column": 0 }, "end": { "line": 28, "column": 21 } },
      "28": { "start": { "line": 29, "column": 0 }, "end": { "line": 29, "column": 10 } },
      "30": { "start": { "line": 31, "column": 0 }, "end": { "line": 31, "column": 21 } },
      "31": { "start": { "line": 32, "column": 0 }, "end": { "line": 32, "column": 68 } },
      "32": { "start": { "line": 33, "column": 0 }, "end": { "line": 33, "column": 64 } },
      "33": { "start": { "line": 34, "column": 0 }, "end": { "line": 34, "column": 10 } },
      "35": { "start": { "line": 36, "column": 0 }, "end": { "line": 36, "column": 12 } },
      "36": { "start": { "line": 37, "column": 0 }, "end": { "line": 37, "column": 13 } },
      "37": { "start": { "line": 38, "column": 0 }, "end": { "line": 38, "column": 57 } },
      "38": { "start": { "line": 39, "column": 0 }, "end": { "line": 39, "column": 28 } },
      "39": { "start": { "line": 40, "column": 0 }, "end": { "line": 40, "column": 44 } },
      "40": { "start": { "line": 41, "column": 0 }, "end": { "line": 41, "column": 75 } },
      "41": { "start": { "line": 42, "column": 0 }, "end": { "line": 42, "column": 30 } },
      "42": { "start": { "line": 43, "column": 0 }, "end": { "line": 43, "column": 115 } },
      "43": { "start": { "line": 44, "column": 0 }, "end": { "line": 44, "column": 14 } },
      "45": { "start": { "line": 46, "column": 0 }, "end": { "line": 46, "column": 1 } },
      "47": { "start": { "line": 48, "column": 0 }, "end": { "line": 48, "column": 18 } }
    },
    "s": {
      "0": 0,
      "1": 0,
      "2": 0,
      "3": 0,
      "4": 0,
      "5": 0,
      "8": 0,
      "9": 0,
      "10": 0,
      "11": 0,
      "13": 0,
      "14": 0,
      "15": 0,
      "16": 0,
      "17": 0,
      "18": 0,
      "20": 0,
      "21": 0,
      "22": 0,
      "23": 0,
      "24": 0,
      "26": 0,
      "27": 0,
      "28": 0,
      "30": 0,
      "31": 0,
      "32": 0,
      "33": 0,
      "35": 0,
      "36": 0,
      "37": 0,
      "38": 0,
      "39": 0,
      "40": 0,
      "41": 0,
      "42": 0,
      "43": 0,
      "45": 0,
      "47": 0
    },
    "branchMap": {
      "0": {
        "type": "branch",
        "line": 1,
        "loc": { "start": { "line": 1, "column": 0 }, "end": { "line": 48, "column": -577 } },
        "locations": [{ "start": { "line": 1, "column": 0 }, "end": { "line": 48, "column": -577 } }]
      }
    },
    "b": { "0": [0] },
    "fnMap": {
      "0": {
        "name": "(empty-report)",
        "decl": { "start": { "line": 1, "column": 0 }, "end": { "line": 48, "column": -577 } },
        "loc": { "start": { "line": 1, "column": 0 }, "end": { "line": 48, "column": -577 } },
        "line": 1
      }
    },
    "f": { "0": 0 }
  },
  "/home/dannypa/FullstackCourse/part5/bloglist-frontend/src/main.jsx": {
    "path": "/home/dannypa/FullstackCourse/part5/bloglist-frontend/src/main.jsx",
    "all": true,
    "statementMap": {
      "0": { "start": { "line": 1, "column": 0 }, "end": { "line": 1, "column": 39 } },
      "1": { "start": { "line": 2, "column": 0 }, "end": { "line": 2, "column": 23 } },
      "3": { "start": { "line": 4, "column": 0 }, "end": { "line": 4, "column": 68 } }
    },
    "s": { "0": 0, "1": 0, "3": 0 },
    "branchMap": {
      "0": {
        "type": "branch",
        "line": 1,
        "loc": { "start": { "line": 1, "column": 133 }, "end": { "line": 4, "column": 68 } },
        "locations": [{ "start": { "line": 1, "column": 133 }, "end": { "line": 4, "column": 68 } }]
      }
    },
    "b": { "0": [0] },
    "fnMap": {
      "0": {
        "name": "(empty-report)",
        "decl": { "start": { "line": 1, "column": 133 }, "end": { "line": 4, "column": 68 } },
        "loc": { "start": { "line": 1, "column": 133 }, "end": { "line": 4, "column": 68 } },
        "line": 1
      }
    },
    "f": { "0": 0 }
  },
  "/home/dannypa/FullstackCourse/part5/bloglist-frontend/src/components/AddBlog.jsx": {
    "path": "/home/dannypa/FullstackCourse/part5/bloglist-frontend/src/components/AddBlog.jsx",
    "all": false,
    "statementMap": {
      "0": { "start": { "line": 1, "column": 0 }, "end": { "line": 1, "column": 30 } },
      "1": { "start": { "line": 2, "column": 0 }, "end": { "line": 2, "column": 34 } },
      "3": { "start": { "line": 4, "column": 0 }, "end": { "line": 4, "column": 46 } },
      "4": { "start": { "line": 5, "column": 0 }, "end": { "line": 5, "column": 28 } },
      "5": { "start": { "line": 6, "column": 0 }, "end": { "line": 6, "column": 29 } },
      "6": { "start": { "line": 7, "column": 0 }, "end": { "line": 7, "column": 26 } },
      "9": { "start": { "line": 10, "column": 0 }, "end": { "line": 10, "column": 12 } },
      "10": { "start": { "line": 11, "column": 0 }, "end": { "line": 11, "column": 13 } },
      "11": { "start": { "line": 12, "column": 0 }, "end": { "line": 12, "column": 36 } },
      "12": { "start": { "line": 13, "column": 0 }, "end": { "line": 13, "column": 85 } },
      "13": { "start": { "line": 14, "column": 0 }, "end": { "line": 14, "column": 119 } },
      "14": { "start": { "line": 15, "column": 0 }, "end": { "line": 15, "column": 122 } },
      "15": { "start": { "line": 16, "column": 0 }, "end": { "line": 16, "column": 113 } },
      "16": { "start": { "line": 17, "column": 0 }, "end": { "line": 17, "column": 53 } },
      "17": { "start": { "line": 18, "column": 0 }, "end": { "line": 18, "column": 19 } },
      "18": { "start": { "line": 19, "column": 0 }, "end": { "line": 19, "column": 14 } },
      "20": { "start": { "line": 21, "column": 0 }, "end": { "line": 21, "column": 1 } },
      "22": { "start": { "line": 23, "column": 0 }, "end": { "line": 23, "column": 21 } },
      "23": { "start": { "line": 24, "column": 0 }, "end": { "line": 24, "column": 39 } },
      "24": { "start": { "line": 25, "column": 0 }, "end": { "line": 25, "column": 43 } },
      "25": { "start": { "line": 26, "column": 0 }, "end": { "line": 26, "column": 1 } },
      "27": { "start": { "line": 28, "column": 0 }, "end": { "line": 28, "column": 22 } }
    },
    "s": {
      "0": 1,
      "1": 1,
      "3": 1,
      "4": 1,
      "5": 1,
      "6": 1,
      "9": 1,
      "10": 1,
      "11": 1,
      "12": 1,
      "13": 1,
      "14": 1,
      "15": 1,
      "16": 1,
      "17": 1,
      "18": 1,
      "20": 1,
      "22": 1,
      "23": 1,
      "24": 1,
      "25": 1,
      "27": 1
    },
    "branchMap": {
      "0": {
        "type": "branch",
        "line": 4,
        "loc": { "start": { "line": 4, "column": 16 }, "end": { "line": 21, "column": 1 } },
        "locations": [{ "start": { "line": 4, "column": 16 }, "end": { "line": 21, "column": 1 } }]
      },
      "1": {
        "type": "branch",
        "line": 13,
        "loc": { "start": { "line": 13, "column": 28 }, "end": { "line": 13, "column": 85 } },
        "locations": [{ "start": { "line": 13, "column": 28 }, "end": { "line": 13, "column": 85 } }]
      },
      "2": {
        "type": "branch",
        "line": 14,
        "loc": { "start": { "line": 14, "column": 43 }, "end": { "line": 14, "column": 89 } },
        "locations": [{ "start": { "line": 14, "column": 43 }, "end": { "line": 14, "column": 89 } }]
      },
      "3": {
        "type": "branch",
        "line": 15,
        "loc": { "start": { "line": 15, "column": 44 }, "end": { "line": 15, "column": 91 } },
        "locations": [{ "start": { "line": 15, "column": 44 }, "end": { "line": 15, "column": 91 } }]
      },
      "4": {
        "type": "branch",
        "line": 16,
        "loc": { "start": { "line": 16, "column": 41 }, "end": { "line": 16, "column": 85 } },
        "locations": [{ "start": { "line": 16, "column": 41 }, "end": { "line": 16, "column": 85 } }]
      }
    },
    "b": { "0": [1], "1": [1], "2": [17], "3": [16], "4": [68] },
    "fnMap": {
      "0": {
        "name": "AddBlog",
        "decl": { "start": { "line": 4, "column": 16 }, "end": { "line": 21, "column": 1 } },
        "loc": { "start": { "line": 4, "column": 16 }, "end": { "line": 21, "column": 1 } },
        "line": 4
      },
      "1": {
        "name": "onSubmit",
        "decl": { "start": { "line": 13, "column": 28 }, "end": { "line": 13, "column": 85 } },
        "loc": { "start": { "line": 13, "column": 28 }, "end": { "line": 13, "column": 85 } },
        "line": 13
      },
      "2": {
        "name": "onChange",
        "decl": { "start": { "line": 14, "column": 43 }, "end": { "line": 14, "column": 89 } },
        "loc": { "start": { "line": 14, "column": 43 }, "end": { "line": 14, "column": 89 } },
        "line": 14
      },
      "3": {
        "name": "onChange",
        "decl": { "start": { "line": 15, "column": 44 }, "end": { "line": 15, "column": 91 } },
        "loc": { "start": { "line": 15, "column": 44 }, "end": { "line": 15, "column": 91 } },
        "line": 15
      },
      "4": {
        "name": "onChange",
        "decl": { "start": { "line": 16, "column": 41 }, "end": { "line": 16, "column": 85 } },
        "loc": { "start": { "line": 16, "column": 41 }, "end": { "line": 16, "column": 85 } },
        "line": 16
      }
    },
    "f": { "0": 1, "1": 1, "2": 17, "3": 16, "4": 68 }
  },
  "/home/dannypa/FullstackCourse/part5/bloglist-frontend/src/components/Blog.jsx": {
    "path": "/home/dannypa/FullstackCourse/part5/bloglist-frontend/src/components/Blog.jsx",
    "all": false,
    "statementMap": {
      "0": { "start": { "line": 1, "column": 0 }, "end": { "line": 1, "column": 32 } },
      "1": { "start": { "line": 2, "column": 0 }, "end": { "line": 2, "column": 43 } },
      "2": { "start": { "line": 3, "column": 0 }, "end": { "line": 3, "column": 34 } },
      "4": { "start": { "line": 5, "column": 0 }, "end": { "line": 5, "column": 25 } },
      "6": { "start": { "line": 7, "column": 0 }, "end": { "line": 7, "column": 23 } },
      "7": { "start": { "line": 8, "column": 0 }, "end": { "line": 8, "column": 23 } },
      "8": { "start": { "line": 9, "column": 0 }, "end": { "line": 9, "column": 23 } },
      "9": { "start": { "line": 10, "column": 0 }, "end": { "line": 10, "column": 24 } },
      "10": { "start": { "line": 11, "column": 0 }, "end": { "line": 11, "column": 23 } },
      "11": { "start": { "line": 12, "column": 0 }, "end": { "line": 12, "column": 25 } },
      "12": { "start": { "line": 13, "column": 0 }, "end": { "line": 13, "column": 18 } },
      "13": { "start": { "line": 14, "column": 0 }, "end": { "line": 14, "column": 19 } },
      "14": { "start": { "line": 15, "column": 0 }, "end": { "line": 15, "column": 5 } },
      "16": { "start": { "line": 17, "column": 0 }, "end": { "line": 17, "column": 57 } },
      "17": { "start": { "line": 18, "column": 0 }, "end": { "line": 18, "column": 59 } },
      "18": { "start": { "line": 19, "column": 0 }, "end": { "line": 19, "column": 75 } },
      "20": { "start": { "line": 21, "column": 0 }, "end": { "line": 21, "column": 60 } },
      "22": { "start": { "line": 23, "column": 0 }, "end": { "line": 23, "column": 12 } },
      "23": { "start": { "line": 24, "column": 0 }, "end": { "line": 24, "column": 31 } },
      "24": { "start": { "line": 25, "column": 0 }, "end": { "line": 25, "column": 15 } },
      "25": { "start": { "line": 26, "column": 0 }, "end": { "line": 26, "column": 83 } },
      "26": { "start": { "line": 27, "column": 0 }, "end": { "line": 27, "column": 72 } },
      "27": { "start": { "line": 28, "column": 0 }, "end": { "line": 28, "column": 16 } },
      "28": { "start": { "line": 29, "column": 0 }, "end": { "line": 29, "column": 26 } },
      "29": { "start": { "line": 30, "column": 0 }, "end": { "line": 30, "column": 14 } },
      "31": { "start": { "line": 32, "column": 0 }, "end": { "line": 32, "column": 1 } },
      "33": { "start": { "line": 34, "column": 0 }, "end": { "line": 34, "column": 18 } },
      "34": { "start": { "line": 35, "column": 0 }, "end": { "line": 35, "column": 38 } },
      "35": { "start": { "line": 36, "column": 0 }, "end": { "line": 36, "column": 38 } },
      "36": { "start": { "line": 37, "column": 0 }, "end": { "line": 37, "column": 50 } },
      "37": { "start": { "line": 38, "column": 0 }, "end": { "line": 38, "column": 43 } },
      "38": { "start": { "line": 39, "column": 0 }, "end": { "line": 39, "column": 1 } },
      "40": { "start": { "line": 41, "column": 0 }, "end": { "line": 41, "column": 19 } }
    },
    "s": {
      "0": 1,
      "1": 1,
      "2": 1,
      "4": 1,
      "6": 6,
      "7": 6,
      "8": 6,
      "9": 6,
      "10": 6,
      "11": 6,
      "12": 6,
      "13": 6,
      "14": 6,
      "16": 6,
      "17": 6,
      "18": 6,
      "20": 6,
      "22": 6,
      "23": 6,
      "24": 6,
      "25": 6,
      "26": 6,
      "27": 6,
      "28": 6,
      "29": 6,
      "31": 6,
      "33": 1,
      "34": 1,
      "35": 1,
      "36": 1,
      "37": 1,
      "38": 1,
      "40": 1
    },
    "branchMap": {
      "0": {
        "type": "branch",
        "line": 5,
        "loc": { "start": { "line": 5, "column": 13 }, "end": { "line": 32, "column": 1 } },
        "locations": [{ "start": { "line": 5, "column": 13 }, "end": { "line": 32, "column": 1 } }]
      },
      "1": {
        "type": "branch",
        "line": 18,
        "loc": { "start": { "line": 18, "column": 24 }, "end": { "line": 18, "column": 59 } },
        "locations": [{ "start": { "line": 18, "column": 24 }, "end": { "line": 18, "column": 59 } }]
      },
      "2": {
        "type": "branch",
        "line": 18,
        "loc": { "start": { "line": 18, "column": 30 }, "end": { "line": 18, "column": 53 } },
        "locations": [{ "start": { "line": 18, "column": 30 }, "end": { "line": 18, "column": 53 } }]
      },
      "3": {
        "type": "branch",
        "line": 18,
        "loc": { "start": { "line": 18, "column": 44 }, "end": { "line": 18, "column": 59 } },
        "locations": [{ "start": { "line": 18, "column": 44 }, "end": { "line": 18, "column": 59 } }]
      },
      "4": {
        "type": "branch",
        "line": 19,
        "loc": { "start": { "line": 19, "column": 23 }, "end": { "line": 19, "column": 75 } },
        "locations": [{ "start": { "line": 19, "column": 23 }, "end": { "line": 19, "column": 75 } }]
      },
      "5": {
        "type": "branch",
        "line": 19,
        "loc": { "start": { "line": 19, "column": 29 }, "end": { "line": 19, "column": 71 } },
        "locations": [{ "start": { "line": 19, "column": 29 }, "end": { "line": 19, "column": 71 } }]
      },
      "6": {
        "type": "branch",
        "line": 19,
        "loc": { "start": { "line": 19, "column": 66 }, "end": { "line": 19, "column": 75 } },
        "locations": [{ "start": { "line": 19, "column": 66 }, "end": { "line": 19, "column": 75 } }]
      },
      "7": {
        "type": "branch",
        "line": 21,
        "loc": { "start": { "line": 21, "column": 26 }, "end": { "line": 21, "column": 60 } },
        "locations": [{ "start": { "line": 21, "column": 26 }, "end": { "line": 21, "column": 60 } }]
      }
    },
    "b": { "0": [6], "1": [6], "2": [2], "3": [4], "4": [6], "5": [2], "6": [4], "7": [2] },
    "fnMap": {
      "0": {
        "name": "Blog",
        "decl": { "start": { "line": 5, "column": 13 }, "end": { "line": 32, "column": 1 } },
        "loc": { "start": { "line": 5, "column": 13 }, "end": { "line": 32, "column": 1 } },
        "line": 5
      },
      "1": {
        "name": "buttonLabel",
        "decl": { "start": { "line": 18, "column": 24 }, "end": { "line": 18, "column": 59 } },
        "loc": { "start": { "line": 18, "column": 24 }, "end": { "line": 18, "column": 59 } },
        "line": 18
      },
      "2": {
        "name": "getDetails",
        "decl": { "start": { "line": 19, "column": 23 }, "end": { "line": 19, "column": 75 } },
        "loc": { "start": { "line": 19, "column": 23 }, "end": { "line": 19, "column": 75 } },
        "line": 19
      },
      "3": {
        "name": "toggleDetails",
        "decl": { "start": { "line": 21, "column": 26 }, "end": { "line": 21, "column": 60 } },
        "loc": { "start": { "line": 21, "column": 26 }, "end": { "line": 21, "column": 60 } },
        "line": 21
      }
    },
    "f": { "0": 6, "1": 6, "2": 6, "3": 2 }
  },
  "/home/dannypa/FullstackCourse/part5/bloglist-frontend/src/components/BlogDetails.jsx": {
    "path": "/home/dannypa/FullstackCourse/part5/bloglist-frontend/src/components/BlogDetails.jsx",
    "all": false,
    "statementMap": {
      "0": { "start": { "line": 1, "column": 0 }, "end": { "line": 1, "column": 34 } },
      "2": { "start": { "line": 3, "column": 0 }, "end": { "line": 3, "column": 75 } },
      "6": { "start": { "line": 7, "column": 0 }, "end": { "line": 7, "column": 71 } },
      "7": { "start": { "line": 8, "column": 0 }, "end": { "line": 8, "column": 71 } },
      "8": { "start": { "line": 9, "column": 0 }, "end": { "line": 9, "column": 14 } },
      "10": { "start": { "line": 11, "column": 0 }, "end": { "line": 11, "column": 12 } },
      "11": { "start": { "line": 12, "column": 0 }, "end": { "line": 12, "column": 13 } },
      "12": { "start": { "line": 13, "column": 0 }, "end": { "line": 13, "column": 68 } },
      "13": { "start": { "line": 14, "column": 0 }, "end": { "line": 14, "column": 23 } },
      "14": { "start": { "line": 15, "column": 0 }, "end": { "line": 15, "column": 44 } },
      "15": { "start": { "line": 16, "column": 0 }, "end": { "line": 16, "column": 60 } },
      "16": { "start": { "line": 17, "column": 0 }, "end": { "line": 17, "column": 34 } },
      "17": { "start": { "line": 18, "column": 0 }, "end": { "line": 18, "column": 55 } },
      "18": { "start": { "line": 19, "column": 0 }, "end": { "line": 19, "column": 28 } },
      "19": { "start": { "line": 20, "column": 0 }, "end": { "line": 20, "column": 14 } },
      "21": { "start": { "line": 22, "column": 0 }, "end": { "line": 22, "column": 1 } },
      "23": { "start": { "line": 24, "column": 0 }, "end": { "line": 24, "column": 25 } },
      "24": { "start": { "line": 25, "column": 0 }, "end": { "line": 25, "column": 38 } },
      "25": { "start": { "line": 26, "column": 0 }, "end": { "line": 26, "column": 38 } },
      "26": { "start": { "line": 27, "column": 0 }, "end": { "line": 27, "column": 50 } },
      "27": { "start": { "line": 28, "column": 0 }, "end": { "line": 28, "column": 43 } },
      "28": { "start": { "line": 29, "column": 0 }, "end": { "line": 29, "column": 1 } },
      "30": { "start": { "line": 31, "column": 0 }, "end": { "line": 31, "column": 26 } }
    },
    "s": {
      "0": 1,
      "2": 1,
      "6": 2,
      "7": 0,
      "8": 2,
      "10": 2,
      "11": 2,
      "12": 2,
      "13": 2,
      "14": 2,
      "15": 2,
      "16": 2,
      "17": 2,
      "18": 2,
      "19": 2,
      "21": 2,
      "23": 1,
      "24": 1,
      "25": 1,
      "26": 1,
      "27": 1,
      "28": 1,
      "30": 1
    },
    "branchMap": {
      "0": {
        "type": "branch",
        "line": 3,
        "loc": { "start": { "line": 3, "column": 20 }, "end": { "line": 22, "column": 1 } },
        "locations": [{ "start": { "line": 3, "column": 20 }, "end": { "line": 22, "column": 1 } }]
      },
      "1": {
        "type": "branch",
        "line": 7,
        "loc": { "start": { "line": 7, "column": 25 }, "end": { "line": 9, "column": 14 } },
        "locations": [{ "start": { "line": 7, "column": 25 }, "end": { "line": 9, "column": 14 } }]
      },
      "2": {
        "type": "branch",
        "line": 7,
        "loc": { "start": { "line": 7, "column": 60 }, "end": { "line": 8, "column": 71 } },
        "locations": [{ "start": { "line": 7, "column": 60 }, "end": { "line": 8, "column": 71 } }]
      },
      "3": {
        "type": "branch",
        "line": 16,
        "loc": { "start": { "line": 16, "column": 29 }, "end": { "line": 16, "column": 60 } },
        "locations": [{ "start": { "line": 16, "column": 29 }, "end": { "line": 16, "column": 60 } }]
      }
    },
    "b": { "0": [2], "1": [2], "2": [0], "3": [2] },
    "fnMap": {
      "0": {
        "name": "BlogDetails",
        "decl": { "start": { "line": 3, "column": 20 }, "end": { "line": 22, "column": 1 } },
        "loc": { "start": { "line": 3, "column": 20 }, "end": { "line": 22, "column": 1 } },
        "line": 3
      },
      "1": {
        "name": "deleteButton",
        "decl": { "start": { "line": 7, "column": 25 }, "end": { "line": 9, "column": 14 } },
        "loc": { "start": { "line": 7, "column": 25 }, "end": { "line": 9, "column": 14 } },
        "line": 7
      },
      "2": {
        "name": "onClick",
        "decl": { "start": { "line": 8, "column": 25 }, "end": { "line": 8, "column": 51 } },
        "loc": { "start": { "line": 8, "column": 25 }, "end": { "line": 8, "column": 51 } },
        "line": 8
      },
      "3": {
        "name": "onClick",
        "decl": { "start": { "line": 16, "column": 29 }, "end": { "line": 16, "column": 60 } },
        "loc": { "start": { "line": 16, "column": 29 }, "end": { "line": 16, "column": 60 } },
        "line": 16
      }
    },
    "f": { "0": 2, "1": 2, "2": 0, "3": 2 }
  },
  "/home/dannypa/FullstackCourse/part5/bloglist-frontend/src/components/BlogList.jsx": {
    "path": "/home/dannypa/FullstackCourse/part5/bloglist-frontend/src/components/BlogList.jsx",
    "all": true,
    "statementMap": {
      "0": { "start": { "line": 1, "column": 0 }, "end": { "line": 1, "column": 29 } },
      "1": { "start": { "line": 2, "column": 0 }, "end": { "line": 2, "column": 30 } },
      "2": { "start": { "line": 3, "column": 0 }, "end": { "line": 3, "column": 35 } },
      "3": { "start": { "line": 4, "column": 0 }, "end": { "line": 4, "column": 39 } },
      "4": { "start": { "line": 5, "column": 0 }, "end": { "line": 5, "column": 34 } },
      "5": { "start": { "line": 6, "column": 0 }, "end": { "line": 6, "column": 46 } },
      "7": { "start": { "line": 8, "column": 0 }, "end": { "line": 8, "column": 19 } },
      "8": { "start": { "line": 9, "column": 0 }, "end": { "line": 9, "column": 9 } },
      "9": { "start": { "line": 10, "column": 0 }, "end": { "line": 10, "column": 10 } },
      "10": { "start": { "line": 11, "column": 0 }, "end": { "line": 11, "column": 16 } },
      "11": { "start": { "line": 12, "column": 0 }, "end": { "line": 12, "column": 9 } },
      "12": { "start": { "line": 13, "column": 0 }, "end": { "line": 13, "column": 12 } },
      "13": { "start": { "line": 14, "column": 0 }, "end": { "line": 14, "column": 28 } },
      "14": { "start": { "line": 15, "column": 0 }, "end": { "line": 15, "column": 7 } },
      "15": { "start": { "line": 16, "column": 0 }, "end": { "line": 16, "column": 31 } },
      "17": { "start": { "line": 18, "column": 0 }, "end": { "line": 18, "column": 32 } },
      "18": { "start": { "line": 19, "column": 0 }, "end": { "line": 19, "column": 39 } },
      "19": { "start": { "line": 20, "column": 0 }, "end": { "line": 20, "column": 21 } },
      "20": { "start": { "line": 21, "column": 0 }, "end": { "line": 21, "column": 60 } },
      "21": { "start": { "line": 22, "column": 0 }, "end": { "line": 22, "column": 5 } },
      "23": { "start": { "line": 24, "column": 0 }, "end": { "line": 24, "column": 25 } },
      "24": { "start": { "line": 25, "column": 0 }, "end": { "line": 25, "column": 21 } },
      "25": { "start": { "line": 26, "column": 0 }, "end": { "line": 26, "column": 45 } },
      "26": { "start": { "line": 27, "column": 0 }, "end": { "line": 27, "column": 62 } },
      "27": { "start": { "line": 28, "column": 0 }, "end": { "line": 28, "column": 5 } },
      "29": { "start": { "line": 30, "column": 0 }, "end": { "line": 30, "column": 29 } },
      "30": { "start": { "line": 31, "column": 0 }, "end": { "line": 31, "column": 24 } },
      "31": { "start": { "line": 32, "column": 0 }, "end": { "line": 32, "column": 57 } },
      "32": { "start": { "line": 33, "column": 0 }, "end": { "line": 33, "column": 5 } },
      "34": { "start": { "line": 35, "column": 0 }, "end": { "line": 35, "column": 69 } },
      "35": { "start": { "line": 36, "column": 0 }, "end": { "line": 36, "column": 41 } },
      "36": { "start": { "line": 37, "column": 0 }, "end": { "line": 37, "column": 30 } },
      "37": { "start": { "line": 38, "column": 0 }, "end": { "line": 38, "column": 32 } },
      "38": { "start": { "line": 39, "column": 0 }, "end": { "line": 39, "column": 26 } },
      "39": { "start": { "line": 40, "column": 0 }, "end": { "line": 40, "column": 34 } },
      "40": { "start": { "line": 41, "column": 0 }, "end": { "line": 41, "column": 30 } },
      "41": { "start": { "line": 42, "column": 0 }, "end": { "line": 42, "column": 16 } },
      "42": { "start": { "line": 43, "column": 0 }, "end": { "line": 43, "column": 23 } },
      "43": { "start": { "line": 44, "column": 0 }, "end": { "line": 44, "column": 35 } },
      "44": { "start": { "line": 45, "column": 0 }, "end": { "line": 45, "column": 98 } },
      "45": { "start": { "line": 46, "column": 0 }, "end": { "line": 46, "column": 13 } },
      "46": { "start": { "line": 47, "column": 0 }, "end": { "line": 47, "column": 40 } },
      "47": { "start": { "line": 48, "column": 0 }, "end": { "line": 48, "column": 5 } },
      "49": { "start": { "line": 50, "column": 0 }, "end": { "line": 50, "column": 34 } },
      "50": { "start": { "line": 51, "column": 0 }, "end": { "line": 51, "column": 81 } },
      "51": { "start": { "line": 52, "column": 0 }, "end": { "line": 52, "column": 55 } },
      "52": { "start": { "line": 53, "column": 0 }, "end": { "line": 53, "column": 33 } },
      "53": { "start": { "line": 54, "column": 0 }, "end": { "line": 54, "column": 39 } },
      "54": { "start": { "line": 55, "column": 0 }, "end": { "line": 55, "column": 33 } },
      "55": { "start": { "line": 56, "column": 0 }, "end": { "line": 56, "column": 18 } },
      "56": { "start": { "line": 57, "column": 0 }, "end": { "line": 57, "column": 31 } },
      "57": { "start": { "line": 58, "column": 0 }, "end": { "line": 58, "column": 36 } },
      "58": { "start": { "line": 59, "column": 0 }, "end": { "line": 59, "column": 18 } },
      "59": { "start": { "line": 60, "column": 0 }, "end": { "line": 60, "column": 9 } },
      "60": { "start": { "line": 61, "column": 0 }, "end": { "line": 61, "column": 5 } },
      "62": { "start": { "line": 63, "column": 0 }, "end": { "line": 63, "column": 64 } },
      "63": { "start": { "line": 64, "column": 0 }, "end": { "line": 64, "column": 30 } },
      "64": { "start": { "line": 65, "column": 0 }, "end": { "line": 65, "column": 19 } },
      "65": { "start": { "line": 66, "column": 0 }, "end": { "line": 66, "column": 21 } },
      "66": { "start": { "line": 67, "column": 0 }, "end": { "line": 67, "column": 37 } },
      "67": { "start": { "line": 68, "column": 0 }, "end": { "line": 68, "column": 39 } },
      "68": { "start": { "line": 69, "column": 0 }, "end": { "line": 69, "column": 32 } },
      "69": { "start": { "line": 70, "column": 0 }, "end": { "line": 70, "column": 21 } },
      "70": { "start": { "line": 71, "column": 0 }, "end": { "line": 71, "column": 24 } },
      "71": { "start": { "line": 72, "column": 0 }, "end": { "line": 72, "column": 23 } },
      "72": { "start": { "line": 73, "column": 0 }, "end": { "line": 73, "column": 14 } },
      "73": { "start": { "line": 74, "column": 0 }, "end": { "line": 74, "column": 27 } },
      "74": { "start": { "line": 75, "column": 0 }, "end": { "line": 75, "column": 27 } },
      "75": { "start": { "line": 76, "column": 0 }, "end": { "line": 76, "column": 30 } },
      "76": { "start": { "line": 77, "column": 0 }, "end": { "line": 77, "column": 34 } },
      "77": { "start": { "line": 78, "column": 0 }, "end": { "line": 78, "column": 35 } },
      "78": { "start": { "line": 79, "column": 0 }, "end": { "line": 79, "column": 32 } },
      "79": { "start": { "line": 80, "column": 0 }, "end": { "line": 80, "column": 36 } },
      "80": { "start": { "line": 81, "column": 0 }, "end": { "line": 81, "column": 14 } },
      "81": { "start": { "line": 82, "column": 0 }, "end": { "line": 82, "column": 5 } },
      "83": { "start": { "line": 84, "column": 0 }, "end": { "line": 84, "column": 12 } },
      "84": { "start": { "line": 85, "column": 0 }, "end": { "line": 85, "column": 13 } },
      "85": { "start": { "line": 86, "column": 0 }, "end": { "line": 86, "column": 26 } },
      "86": { "start": { "line": 87, "column": 0 }, "end": { "line": 87, "column": 15 } },
      "87": { "start": { "line": 88, "column": 0 }, "end": { "line": 88, "column": 57 } },
      "88": { "start": { "line": 89, "column": 0 }, "end": { "line": 89, "column": 63 } },
      "89": { "start": { "line": 90, "column": 0 }, "end": { "line": 90, "column": 23 } },
      "90": { "start": { "line": 91, "column": 0 }, "end": { "line": 91, "column": 64 } },
      "91": { "start": { "line": 92, "column": 0 }, "end": { "line": 92, "column": 67 } },
      "92": { "start": { "line": 93, "column": 0 }, "end": { "line": 93, "column": 24 } },
      "93": { "start": { "line": 94, "column": 0 }, "end": { "line": 94, "column": 30 } },
      "94": { "start": { "line": 95, "column": 0 }, "end": { "line": 95, "column": 92 } },
      "95": { "start": { "line": 96, "column": 0 }, "end": { "line": 96, "column": 14 } },
      "96": { "start": { "line": 97, "column": 0 }, "end": { "line": 97, "column": 14 } },
      "98": { "start": { "line": 99, "column": 0 }, "end": { "line": 99, "column": 1 } },
      "100": { "start": { "line": 101, "column": 0 }, "end": { "line": 101, "column": 22 } },
      "101": { "start": { "line": 102, "column": 0 }, "end": { "line": 102, "column": 38 } },
      "102": { "start": { "line": 103, "column": 0 }, "end": { "line": 103, "column": 38 } },
      "103": { "start": { "line": 104, "column": 0 }, "end": { "line": 104, "column": 43 } },
      "104": { "start": { "line": 105, "column": 0 }, "end": { "line": 105, "column": 38 } },
      "105": { "start": { "line": 106, "column": 0 }, "end": { "line": 106, "column": 39 } },
      "106": { "start": { "line": 107, "column": 0 }, "end": { "line": 107, "column": 55 } },
      "107": { "start": { "line": 108, "column": 0 }, "end": { "line": 108, "column": 1 } },
      "109": { "start": { "line": 110, "column": 0 }, "end": { "line": 110, "column": 23 } }
    },
    "s": {
      "0": 0,
      "1": 0,
      "2": 0,
      "3": 0,
      "4": 0,
      "5": 0,
      "7": 0,
      "8": 0,
      "9": 0,
      "10": 0,
      "11": 0,
      "12": 0,
      "13": 0,
      "14": 0,
      "15": 0,
      "17": 0,
      "18": 0,
      "19": 0,
      "20": 0,
      "21": 0,
      "23": 0,
      "24": 0,
      "25": 0,
      "26": 0,
      "27": 0,
      "29": 0,
      "30": 0,
      "31": 0,
      "32": 0,
      "34": 0,
      "35": 0,
      "36": 0,
      "37": 0,
      "38": 0,
      "39": 0,
      "40": 0,
      "41": 0,
      "42": 0,
      "43": 0,
      "44": 0,
      "45": 0,
      "46": 0,
      "47": 0,
      "49": 0,
      "50": 0,
      "51": 0,
      "52": 0,
      "53": 0,
      "54": 0,
      "55": 0,
      "56": 0,
      "57": 0,
      "58": 0,
      "59": 0,
      "60": 0,
      "62": 0,
      "63": 0,
      "64": 0,
      "65": 0,
      "66": 0,
      "67": 0,
      "68": 0,
      "69": 0,
      "70": 0,
      "71": 0,
      "72": 0,
      "73": 0,
      "74": 0,
      "75": 0,
      "76": 0,
      "77": 0,
      "78": 0,
      "79": 0,
      "80": 0,
      "81": 0,
      "83": 0,
      "84": 0,
      "85": 0,
      "86": 0,
      "87": 0,
      "88": 0,
      "89": 0,
      "90": 0,
      "91": 0,
      "92": 0,
      "93": 0,
      "94": 0,
      "95": 0,
      "96": 0,
      "98": 0,
      "100": 0,
      "101": 0,
      "102": 0,
      "103": 0,
      "104": 0,
      "105": 0,
      "106": 0,
      "107": 0,
      "109": 0
    },
    "branchMap": {
      "0": {
        "type": "branch",
        "line": 1,
        "loc": { "start": { "line": 1, "column": 0 }, "end": { "line": 110, "column": -733 } },
        "locations": [{ "start": { "line": 1, "column": 0 }, "end": { "line": 110, "column": -733 } }]
      }
    },
    "b": { "0": [0] },
    "fnMap": {
      "0": {
        "name": "(empty-report)",
        "decl": { "start": { "line": 1, "column": 0 }, "end": { "line": 110, "column": -733 } },
        "loc": { "start": { "line": 1, "column": 0 }, "end": { "line": 110, "column": -733 } },
        "line": 1
      }
    },
    "f": { "0": 0 }
  },
  "/home/dannypa/FullstackCourse/part5/bloglist-frontend/src/components/LogInForm.jsx": {
    "path": "/home/dannypa/FullstackCourse/part5/bloglist-frontend/src/components/LogInForm.jsx",
    "all": true,
    "statementMap": {
      "0": { "start": { "line": 1, "column": 0 }, "end": { "line": 1, "column": 30 } },
      "1": { "start": { "line": 2, "column": 0 }, "end": { "line": 2, "column": 47 } },
      "2": { "start": { "line": 3, "column": 0 }, "end": { "line": 3, "column": 34 } },
      "4": { "start": { "line": 5, "column": 0 }, "end": { "line": 5, "column": 62 } },
      "5": { "start": { "line": 6, "column": 0 }, "end": { "line": 6, "column": 31 } },
      "6": { "start": { "line": 7, "column": 0 }, "end": { "line": 7, "column": 36 } },
      "7": { "start": { "line": 8, "column": 0 }, "end": { "line": 8, "column": 32 } },
      "8": { "start": { "line": 9, "column": 0 }, "end": { "line": 9, "column": 5 } },
      "9": { "start": { "line": 10, "column": 0 }, "end": { "line": 10, "column": 31 } },
      "10": { "start": { "line": 11, "column": 0 }, "end": { "line": 11, "column": 59 } },
      "12": { "start": { "line": 13, "column": 0 }, "end": { "line": 13, "column": 43 } },
      "13": { "start": { "line": 14, "column": 0 }, "end": { "line": 14, "column": 30 } },
      "15": { "start": { "line": 16, "column": 0 }, "end": { "line": 16, "column": 13 } },
      "16": { "start": { "line": 17, "column": 0 }, "end": { "line": 17, "column": 53 } },
      "17": { "start": { "line": 18, "column": 0 }, "end": { "line": 18, "column": 43 } },
      "18": { "start": { "line": 19, "column": 0 }, "end": { "line": 19, "column": 42 } },
      "19": { "start": { "line": 20, "column": 0 }, "end": { "line": 20, "column": 14 } },
      "21": { "start": { "line": 22, "column": 0 }, "end": { "line": 22, "column": 32 } },
      "22": { "start": { "line": 23, "column": 0 }, "end": { "line": 23, "column": 50 } },
      "23": { "start": { "line": 24, "column": 0 }, "end": { "line": 24, "column": 22 } },
      "24": { "start": { "line": 25, "column": 0 }, "end": { "line": 25, "column": 13 } },
      "26": { "start": { "line": 27, "column": 0 }, "end": { "line": 27, "column": 71 } },
      "27": { "start": { "line": 28, "column": 0 }, "end": { "line": 28, "column": 27 } },
      "28": { "start": { "line": 29, "column": 0 }, "end": { "line": 29, "column": 63 } },
      "29": { "start": { "line": 30, "column": 0 }, "end": { "line": 30, "column": 21 } },
      "30": { "start": { "line": 31, "column": 0 }, "end": { "line": 31, "column": 26 } },
      "31": { "start": { "line": 32, "column": 0 }, "end": { "line": 32, "column": 67 } },
      "32": { "start": { "line": 33, "column": 0 }, "end": { "line": 33, "column": 9 } },
      "33": { "start": { "line": 34, "column": 0 }, "end": { "line": 34, "column": 5 } },
      "35": { "start": { "line": 36, "column": 0 }, "end": { "line": 36, "column": 39 } },
      "36": { "start": { "line": 37, "column": 0 }, "end": { "line": 37, "column": 39 } },
      "37": { "start": { "line": 38, "column": 0 }, "end": { "line": 38, "column": 39 } },
      "38": { "start": { "line": 39, "column": 0 }, "end": { "line": 39, "column": 5 } },
      "40": { "start": { "line": 41, "column": 0 }, "end": { "line": 41, "column": 12 } },
      "41": { "start": { "line": 42, "column": 0 }, "end": { "line": 42, "column": 13 } },
      "42": { "start": { "line": 43, "column": 0 }, "end": { "line": 43, "column": 46 } },
      "43": { "start": { "line": 44, "column": 0 }, "end": { "line": 44, "column": 42 } },
      "44": { "start": { "line": 45, "column": 0 }, "end": { "line": 45, "column": 21 } },
      "45": { "start": { "line": 46, "column": 0 }, "end": { "line": 46, "column": 34 } },
      "46": { "start": { "line": 47, "column": 0 }, "end": { "line": 47, "column": 26 } },
      "47": { "start": { "line": 48, "column": 0 }, "end": { "line": 48, "column": 35 } },
      "48": { "start": { "line": 49, "column": 0 }, "end": { "line": 49, "column": 76 } },
      "49": { "start": { "line": 50, "column": 0 }, "end": { "line": 50, "column": 22 } },
      "50": { "start": { "line": 51, "column": 0 }, "end": { "line": 51, "column": 22 } },
      "51": { "start": { "line": 52, "column": 0 }, "end": { "line": 52, "column": 21 } },
      "52": { "start": { "line": 53, "column": 0 }, "end": { "line": 53, "column": 34 } },
      "53": { "start": { "line": 54, "column": 0 }, "end": { "line": 54, "column": 26 } },
      "54": { "start": { "line": 55, "column": 0 }, "end": { "line": 55, "column": 39 } },
      "55": { "start": { "line": 56, "column": 0 }, "end": { "line": 56, "column": 49 } },
      "56": { "start": { "line": 57, "column": 0 }, "end": { "line": 57, "column": 22 } },
      "57": { "start": { "line": 58, "column": 0 }, "end": { "line": 58, "column": 22 } },
      "58": { "start": { "line": 59, "column": 0 }, "end": { "line": 59, "column": 53 } },
      "59": { "start": { "line": 60, "column": 0 }, "end": { "line": 60, "column": 19 } },
      "60": { "start": { "line": 61, "column": 0 }, "end": { "line": 61, "column": 14 } },
      "62": { "start": { "line": 63, "column": 0 }, "end": { "line": 63, "column": 1 } },
      "64": { "start": { "line": 65, "column": 0 }, "end": { "line": 65, "column": 23 } },
      "65": { "start": { "line": 66, "column": 0 }, "end": { "line": 66, "column": 39 } },
      "66": { "start": { "line": 67, "column": 0 }, "end": { "line": 67, "column": 55 } },
      "67": { "start": { "line": 68, "column": 0 }, "end": { "line": 68, "column": 1 } },
      "69": { "start": { "line": 70, "column": 0 }, "end": { "line": 70, "column": 24 } }
    },
    "s": {
      "0": 0,
      "1": 0,
      "2": 0,
      "4": 0,
      "5": 0,
      "6": 0,
      "7": 0,
      "8": 0,
      "9": 0,
      "10": 0,
      "12": 0,
      "13": 0,
      "15": 0,
      "16": 0,
      "17": 0,
      "18": 0,
      "19": 0,
      "21": 0,
      "22": 0,
      "23": 0,
      "24": 0,
      "26": 0,
      "27": 0,
      "28": 0,
      "29": 0,
      "30": 0,
      "31": 0,
      "32": 0,
      "33": 0,
      "35": 0,
      "36": 0,
      "37": 0,
      "38": 0,
      "40": 0,
      "41": 0,
      "42": 0,
      "43": 0,
      "44": 0,
      "45": 0,
      "46": 0,
      "47": 0,
      "48": 0,
      "49": 0,
      "50": 0,
      "51": 0,
      "52": 0,
      "53": 0,
      "54": 0,
      "55": 0,
      "56": 0,
      "57": 0,
      "58": 0,
      "59": 0,
      "60": 0,
      "62": 0,
      "64": 0,
      "65": 0,
      "66": 0,
      "67": 0,
      "69": 0
    },
    "branchMap": {
      "0": {
        "type": "branch",
        "line": 1,
        "loc": { "start": { "line": 1, "column": 0 }, "end": { "line": 70, "column": -606 } },
        "locations": [{ "start": { "line": 1, "column": 0 }, "end": { "line": 70, "column": -606 } }]
      }
    },
    "b": { "0": [0] },
    "fnMap": {
      "0": {
        "name": "(empty-report)",
        "decl": { "start": { "line": 1, "column": 0 }, "end": { "line": 70, "column": -606 } },
        "loc": { "start": { "line": 1, "column": 0 }, "end": { "line": 70, "column": -606 } },
        "line": 1
      }
    },
    "f": { "0": 0 }
  },
  "/home/dannypa/FullstackCourse/part5/bloglist-frontend/src/components/Notification.jsx": {
    "path": "/home/dannypa/FullstackCourse/part5/bloglist-frontend/src/components/Notification.jsx",
    "all": true,
    "statementMap": {
      "0": { "start": { "line": 1, "column": 0 }, "end": { "line": 1, "column": 34 } },
      "2": { "start": { "line": 3, "column": 0 }, "end": { "line": 3, "column": 39 } },
      "3": { "start": { "line": 4, "column": 0 }, "end": { "line": 4, "column": 27 } },
      "4": { "start": { "line": 5, "column": 0 }, "end": { "line": 5, "column": 19 } },
      "5": { "start": { "line": 6, "column": 0 }, "end": { "line": 6, "column": 5 } },
      "6": { "start": { "line": 7, "column": 0 }, "end": { "line": 7, "column": 38 } },
      "7": { "start": { "line": 8, "column": 0 }, "end": { "line": 8, "column": 1 } },
      "9": { "start": { "line": 10, "column": 0 }, "end": { "line": 10, "column": 26 } },
      "10": { "start": { "line": 11, "column": 0 }, "end": { "line": 11, "column": 40 } },
      "11": { "start": { "line": 12, "column": 0 }, "end": { "line": 12, "column": 1 } },
      "13": { "start": { "line": 14, "column": 0 }, "end": { "line": 14, "column": 27 } }
    },
    "s": { "0": 0, "2": 0, "3": 0, "4": 0, "5": 0, "6": 0, "7": 0, "9": 0, "10": 0, "11": 0, "13": 0 },
    "branchMap": {
      "0": {
        "type": "branch",
        "line": 1,
        "loc": { "start": { "line": 1, "column": 0 }, "end": { "line": 14, "column": -147 } },
        "locations": [{ "start": { "line": 1, "column": 0 }, "end": { "line": 14, "column": -147 } }]
      }
    },
    "b": { "0": [0] },
    "fnMap": {
      "0": {
        "name": "(empty-report)",
        "decl": { "start": { "line": 1, "column": 0 }, "end": { "line": 14, "column": -147 } },
        "loc": { "start": { "line": 1, "column": 0 }, "end": { "line": 14, "column": -147 } },
        "line": 1
      }
    },
    "f": { "0": 0 }
  },
  "/home/dannypa/FullstackCourse/part5/bloglist-frontend/src/components/Togglable.jsx": {
    "path": "/home/dannypa/FullstackCourse/part5/bloglist-frontend/src/components/Togglable.jsx",
    "all": true,
    "statementMap": {
      "0": { "start": { "line": 1, "column": 0 }, "end": { "line": 1, "column": 65 } },
      "1": { "start": { "line": 2, "column": 0 }, "end": { "line": 2, "column": 34 } },
      "3": { "start": { "line": 4, "column": 0 }, "end": { "line": 4, "column": 47 } },
      "4": { "start": { "line": 5, "column": 0 }, "end": { "line": 5, "column": 46 } },
      "6": { "start": { "line": 7, "column": 0 }, "end": { "line": 7, "column": 68 } },
      "7": { "start": { "line": 8, "column": 0 }, "end": { "line": 8, "column": 68 } },
      "9": { "start": { "line": 10, "column": 0 }, "end": { "line": 10, "column": 53 } },
      "11": { "start": { "line": 12, "column": 0 }, "end": { "line": 12, "column": 37 } },
      "12": { "start": { "line": 13, "column": 0 }, "end": { "line": 13, "column": 16 } },
      "13": { "start": { "line": 14, "column": 0 }, "end": { "line": 14, "column": 28 } },
      "14": { "start": { "line": 15, "column": 0 }, "end": { "line": 15, "column": 9 } },
      "15": { "start": { "line": 16, "column": 0 }, "end": { "line": 16, "column": 6 } },
      "17": { "start": { "line": 18, "column": 0 }, "end": { "line": 18, "column": 12 } },
      "18": { "start": { "line": 19, "column": 0 }, "end": { "line": 19, "column": 13 } },
      "19": { "start": { "line": 20, "column": 0 }, "end": { "line": 20, "column": 94 } },
      "20": { "start": { "line": 21, "column": 0 }, "end": { "line": 21, "column": 42 } },
      "21": { "start": { "line": 22, "column": 0 }, "end": { "line": 22, "column": 44 } },
      "22": { "start": { "line": 23, "column": 0 }, "end": { "line": 23, "column": 64 } },
      "23": { "start": { "line": 24, "column": 0 }, "end": { "line": 24, "column": 18 } },
      "24": { "start": { "line": 25, "column": 0 }, "end": { "line": 25, "column": 14 } },
      "26": { "start": { "line": 27, "column": 0 }, "end": { "line": 27, "column": 2 } },
      "28": { "start": { "line": 29, "column": 0 }, "end": { "line": 29, "column": 35 } },
      "30": { "start": { "line": 31, "column": 0 }, "end": { "line": 31, "column": 23 } },
      "31": { "start": { "line": 32, "column": 0 }, "end": { "line": 32, "column": 39 } },
      "32": { "start": { "line": 33, "column": 0 }, "end": { "line": 33, "column": 40 } },
      "33": { "start": { "line": 34, "column": 0 }, "end": { "line": 34, "column": 1 } },
      "35": { "start": { "line": 36, "column": 0 }, "end": { "line": 36, "column": 24 } }
    },
    "s": {
      "0": 0,
      "1": 0,
      "3": 0,
      "4": 0,
      "6": 0,
      "7": 0,
      "9": 0,
      "11": 0,
      "12": 0,
      "13": 0,
      "14": 0,
      "15": 0,
      "17": 0,
      "18": 0,
      "19": 0,
      "20": 0,
      "21": 0,
      "22": 0,
      "23": 0,
      "24": 0,
      "26": 0,
      "28": 0,
      "30": 0,
      "31": 0,
      "32": 0,
      "33": 0,
      "35": 0
    },
    "branchMap": {
      "0": {
        "type": "branch",
        "line": 1,
        "loc": { "start": { "line": 1, "column": 0 }, "end": { "line": 36, "column": -358 } },
        "locations": [{ "start": { "line": 1, "column": 0 }, "end": { "line": 36, "column": -358 } }]
      }
    },
    "b": { "0": [0] },
    "fnMap": {
      "0": {
        "name": "(empty-report)",
        "decl": { "start": { "line": 1, "column": 0 }, "end": { "line": 36, "column": -358 } },
        "loc": { "start": { "line": 1, "column": 0 }, "end": { "line": 36, "column": -358 } },
        "line": 1
      }
    },
    "f": { "0": 0 }
  },
  "/home/dannypa/FullstackCourse/part5/bloglist-frontend/src/services/blogs.js": {
    "path": "/home/dannypa/FullstackCourse/part5/bloglist-frontend/src/services/blogs.js",
    "all": true,
    "statementMap": {
      "0": { "start": { "line": 1, "column": 0 }, "end": { "line": 1, "column": 25 } },
      "1": { "start": { "line": 2, "column": 0 }, "end": { "line": 2, "column": 28 } },
      "2": { "start": { "line": 3, "column": 0 }, "end": { "line": 3, "column": 0 } },
      "3": { "start": { "line": 4, "column": 0 }, "end": { "line": 4, "column": 22 } },
      "4": { "start": { "line": 5, "column": 0 }, "end": { "line": 5, "column": 38 } },
      "5": { "start": { "line": 6, "column": 0 }, "end": { "line": 6, "column": 50 } },
      "6": { "start": { "line": 7, "column": 0 }, "end": { "line": 7, "column": 1 } },
      "7": { "start": { "line": 8, "column": 0 }, "end": { "line": 8, "column": 0 } },
      "8": { "start": { "line": 9, "column": 0 }, "end": { "line": 9, "column": 46 } },
      "9": { "start": { "line": 10, "column": 0 }, "end": { "line": 10, "column": 0 } },
      "10": { "start": { "line": 11, "column": 0 }, "end": { "line": 11, "column": 37 } },
      "11": { "start": { "line": 12, "column": 0 }, "end": { "line": 12, "column": 16 } },
      "12": { "start": { "line": 13, "column": 0 }, "end": { "line": 13, "column": 34 } },
      "13": { "start": { "line": 14, "column": 0 }, "end": { "line": 14, "column": 22 } },
      "14": { "start": { "line": 15, "column": 0 }, "end": { "line": 15, "column": 47 } },
      "15": { "start": { "line": 16, "column": 0 }, "end": { "line": 16, "column": 13 } },
      "16": { "start": { "line": 17, "column": 0 }, "end": { "line": 17, "column": 10 } },
      "17": { "start": { "line": 18, "column": 0 }, "end": { "line": 18, "column": 32 } },
      "18": { "start": { "line": 19, "column": 0 }, "end": { "line": 19, "column": 1 } },
      "19": { "start": { "line": 20, "column": 0 }, "end": { "line": 20, "column": 0 } },
      "20": { "start": { "line": 21, "column": 0 }, "end": { "line": 21, "column": 37 } },
      "21": { "start": { "line": 22, "column": 0 }, "end": { "line": 22, "column": 16 } },
      "22": { "start": { "line": 23, "column": 0 }, "end": { "line": 23, "column": 41 } },
      "23": { "start": { "line": 24, "column": 0 }, "end": { "line": 24, "column": 32 } },
      "24": { "start": { "line": 25, "column": 0 }, "end": { "line": 25, "column": 1 } },
      "25": { "start": { "line": 26, "column": 0 }, "end": { "line": 26, "column": 0 } },
      "26": { "start": { "line": 27, "column": 0 }, "end": { "line": 27, "column": 35 } },
      "27": { "start": { "line": 28, "column": 0 }, "end": { "line": 28, "column": 16 } },
      "28": { "start": { "line": 29, "column": 0 }, "end": { "line": 29, "column": 37 } },
      "29": { "start": { "line": 30, "column": 0 }, "end": { "line": 30, "column": 22 } },
      "30": { "start": { "line": 31, "column": 0 }, "end": { "line": 31, "column": 47 } },
      "31": { "start": { "line": 32, "column": 0 }, "end": { "line": 32, "column": 13 } },
      "32": { "start": { "line": 33, "column": 0 }, "end": { "line": 33, "column": 10 } },
      "33": { "start": { "line": 34, "column": 0 }, "end": { "line": 34, "column": 32 } },
      "34": { "start": { "line": 35, "column": 0 }, "end": { "line": 35, "column": 1 } },
      "35": { "start": { "line": 36, "column": 0 }, "end": { "line": 36, "column": 0 } },
      "36": { "start": { "line": 37, "column": 0 }, "end": { "line": 37, "column": 57 } }
    },
    "s": {
      "0": 0,
      "1": 0,
      "2": 0,
      "3": 0,
      "4": 0,
      "5": 0,
      "6": 0,
      "7": 0,
      "8": 0,
      "9": 0,
      "10": 0,
      "11": 0,
      "12": 0,
      "13": 0,
      "14": 0,
      "15": 0,
      "16": 0,
      "17": 0,
      "18": 0,
      "19": 0,
      "20": 0,
      "21": 0,
      "22": 0,
      "23": 0,
      "24": 0,
      "25": 0,
      "26": 0,
      "27": 0,
      "28": 0,
      "29": 0,
      "30": 0,
      "31": 0,
      "32": 0,
      "33": 0,
      "34": 0,
      "35": 0,
      "36": 0
    },
    "branchMap": {
      "0": {
        "type": "branch",
        "line": 1,
        "loc": { "start": { "line": 1, "column": 0 }, "end": { "line": 37, "column": -111 } },
        "locations": [{ "start": { "line": 1, "column": 0 }, "end": { "line": 37, "column": -111 } }]
      }
    },
    "b": { "0": [0] },
    "fnMap": {
      "0": {
        "name": "(empty-report)",
        "decl": { "start": { "line": 1, "column": 0 }, "end": { "line": 37, "column": -111 } },
        "loc": { "start": { "line": 1, "column": 0 }, "end": { "line": 37, "column": -111 } },
        "line": 1
      }
    },
    "f": { "0": 0 }
  },
  "/home/dannypa/FullstackCourse/part5/bloglist-frontend/src/services/login.js": {
    "path": "/home/dannypa/FullstackCourse/part5/bloglist-frontend/src/services/login.js",
    "all": true,
    "statementMap": {
      "0": { "start": { "line": 1, "column": 0 }, "end": { "line": 1, "column": 25 } },
      "1": { "start": { "line": 2, "column": 0 }, "end": { "line": 2, "column": 0 } },
      "2": { "start": { "line": 3, "column": 0 }, "end": { "line": 3, "column": 28 } },
      "3": { "start": { "line": 4, "column": 0 }, "end": { "line": 4, "column": 0 } },
      "4": { "start": { "line": 5, "column": 0 }, "end": { "line": 5, "column": 36 } },
      "5": { "start": { "line": 6, "column": 0 }, "end": { "line": 6, "column": 59 } },
      "6": { "start": { "line": 7, "column": 0 }, "end": { "line": 7, "column": 24 } },
      "7": { "start": { "line": 8, "column": 0 }, "end": { "line": 8, "column": 1 } },
      "8": { "start": { "line": 9, "column": 0 }, "end": { "line": 9, "column": 0 } },
      "9": { "start": { "line": 10, "column": 0 }, "end": { "line": 10, "column": 24 } }
    },
    "s": { "0": 0, "1": 0, "2": 0, "3": 0, "4": 0, "5": 0, "6": 0, "7": 0, "8": 0, "9": 0 },
    "branchMap": {
      "0": {
        "type": "branch",
        "line": 1,
        "loc": { "start": { "line": 1, "column": 0 }, "end": { "line": 10, "column": -56 } },
        "locations": [{ "start": { "line": 1, "column": 0 }, "end": { "line": 10, "column": -56 } }]
      }
    },
    "b": { "0": [0] },
    "fnMap": {
      "0": {
        "name": "(empty-report)",
        "decl": { "start": { "line": 1, "column": 0 }, "end": { "line": 10, "column": -56 } },
        "loc": { "start": { "line": 1, "column": 0 }, "end": { "line": 10, "column": -56 } },
        "line": 1
      }
    },
    "f": { "0": 0 }
  }
}
